This file contains any messages produced by compilers while
running configure, to aid debugging if configure makes a mistake.

It was created by qe-converse configure 7.2, which was
generated by GNU Autoconf 2.71.  Invocation command line was

  $ ./configure --with-qe-source=../../q-e-qe-7.2

## --------- ##
## Platform. ##
## --------- ##

hostname = ginfizz
uname -m = x86_64
uname -r = 5.15.0-122-generic
uname -s = Linux
uname -v = #132-Ubuntu SMP Thu Aug 29 13:45:52 UTC 2024

/usr/bin/uname -p = x86_64
/bin/uname -X     = unknown

/bin/arch              = x86_64
/usr/bin/arch -k       = unknown
/usr/convex/getsysinfo = unknown
/usr/bin/hostinfo      = unknown
/bin/machine           = unknown
/usr/bin/oslevel       = unknown
/bin/universe          = unknown

PATH: /home/sfioccola/Desktop/Orca/
PATH: /home/sfioccola/Desktop/Chemcraft_b635l_lin64/
PATH: /home/sfioccola/Desktop/QE-CONVERSE/bin/
PATH: /home/sfioccola/Desktop/qe-gipaw-7.2/bin/
PATH: /home/sfioccola/Desktop/q-e-qe-7.2/bin/
PATH: /home/sfioccola/.local/bin/
PATH: /usr/local/sbin/
PATH: /usr/local/bin/
PATH: /usr/sbin/
PATH: /usr/bin/
PATH: /sbin/
PATH: /bin/
PATH: /usr/games/
PATH: /usr/local/games/
PATH: /snap/bin/
PATH: /snap/bin/


## ----------- ##
## Core tests. ##
## ----------- ##

configure:1764: checking for /home/sfioccola/Desktop/q-e-qe-7.2/make.inc
configure:1779: result: yes
configure:1791: checking for /home/sfioccola/Desktop/q-e-qe-7.2/include/qe_version.h
configure:1806: result: yes
configure:1817: checking Quantum-Espresso version
configure:1820: result: 7.2
configure:1982: creating ./config.status

## ---------------------- ##
## Running config.status. ##
## ---------------------- ##

This file was extended by qe-converse config.status 7.2, which was
generated by GNU Autoconf 2.71.  Invocation command line was

  CONFIG_FILES    = 
  CONFIG_HEADERS  = 
  CONFIG_LINKS    = 
  CONFIG_COMMANDS = 
  $ ./config.status 

on ginfizz

config.status:715: creating makedeps.sh
config.status:715: creating src/Makefile
config.status:876: executing default commands

## ---------------- ##
## Cache variables. ##
## ---------------- ##

ac_cv_env_build_alias_set=
ac_cv_env_build_alias_value=
ac_cv_env_host_alias_set=
ac_cv_env_host_alias_value=
ac_cv_env_target_alias_set=
ac_cv_env_target_alias_value=
ac_cv_file__home_sfioccola_Desktop_q_e_qe_7_2_include_qe_version_h=yes
ac_cv_file__home_sfioccola_Desktop_q_e_qe_7_2_make_inc=yes

## ----------------- ##
## Output variables. ##
## ----------------- ##

DEFS='-DPACKAGE_NAME=\"qe-converse\" -DPACKAGE_TARNAME=\"qe-converse\" -DPACKAGE_VERSION=\"7.2\" -DPACKAGE_STRING=\"qe-converse\ 7.2\" -DPACKAGE_BUGREPORT=\"fioccola.simone@gmail.com\" -DPACKAGE_URL=\"\"'
ECHO_C=''
ECHO_N='-n'
ECHO_T=''
LIBOBJS=''
LIBS=''
LTLIBOBJS=''
PACKAGE_BUGREPORT='fioccola.simone@gmail.com'
PACKAGE_NAME='qe-converse'
PACKAGE_STRING='qe-converse 7.2'
PACKAGE_TARNAME='qe-converse'
PACKAGE_URL=''
PACKAGE_VERSION='7.2'
PATH_SEPARATOR=':'
SHELL='/bin/bash'
bindir='${exec_prefix}/bin'
build_alias=''
datadir='${datarootdir}'
datarootdir='${prefix}/share'
dflags_gipaw=''
docdir='${datarootdir}/doc/${PACKAGE_TARNAME}'
dvidir='${docdir}'
exec_prefix='${prefix}'
host_alias=''
htmldir='${docdir}'
includedir='${prefix}/include'
infodir='${datarootdir}/info'
libdir='${exec_prefix}/lib'
libexecdir='${exec_prefix}/libexec'
localedir='${datarootdir}/locale'
localstatedir='${prefix}/var'
mandir='${datarootdir}/man'
oldincludedir='/usr/include'
pdfdir='${docdir}'
prefix='/usr/local'
program_transform_name='s,x,x,'
psdir='${docdir}'
qe_source='/home/sfioccola/Desktop/q-e-qe-7.2'
runstatedir='${localstatedir}/run'
sbindir='${exec_prefix}/sbin'
sharedstatedir='${prefix}/com'
sysconfdir='${prefix}/etc'
target_alias=''

## ----------- ##
## confdefs.h. ##
## ----------- ##

/* confdefs.h */
#define PACKAGE_NAME "qe-converse"
#define PACKAGE_TARNAME "qe-converse"
#define PACKAGE_VERSION "7.2"
#define PACKAGE_STRING "qe-converse 7.2"
#define PACKAGE_BUGREPORT "fioccola.simone@gmail.com"
#define PACKAGE_URL ""

configure: exit 0
