
     Program QE-CONVERSE v.7.2 starts on 14Nov2024 at 15: 8:17 

     This program is part of the open-source Quantum ESPRESSO suite
     for quantum simulation of materials; please cite
         "P. Giannozzi et al., J. Phys.:Condens. Matter 21 395502 (2009);
         "P. Giannozzi et al., J. Phys.:Condens. Matter 29 465901 (2017);
         "P. Giannozzi et al., J. Chem. Phys. 152 154105 (2020);
          URL http://www.quantum-espresso.org", 
     in publications or presentations arising from this work. More details at
     http://www.quantum-espresso.org/quote

     Parallel version (MPI), running on     6 processors

     MPI processes distributed on     1 nodes
     R & G space division:  proc/nbgrp/npool/nimage =       6
     3965 MiB available memory on the printing compute node when the environment starts


     Reading xml data from directory:

     ./scratch/ch4.save/

     IMPORTANT: XC functional enforced from input :
     Exchange-correlation= PBE
                           (   1   4   3   4   0   0   0)
     Any further DFT definition will be discarded
     Please, verify this is what you really want


     Parallelization info
     --------------------
     sticks:   dense  smooth     PW     G-vecs:    dense   smooth      PW
     Min        2272    2272    566               199746   199746   24962
     Max        2273    2273    567               199749   199749   24964
     Sum       13637   13637   3397              1198487  1198487  149781

     Using Slab Decomposition

     Reading collected, re-writing distributed wavefunctions
     GIPAW projectors -----------------------------------------------
     atom=  C    l=0  rc=    1.5400  rs=    1.0267
     atom=  C    l=0  rc=    1.5400  rs=    1.0267
     atom=  C    l=1  rc=    1.5400  rs=    1.0267
     atom=  C    l=1  rc=    1.5400  rs=    1.0267
     projs nearly linearly dependent: l=0  n1,n2= 1, 2  s=  0.99588996
     projs nearly linearly dependent: l=1  n1,n2= 1, 2  s=  0.99890453

     atom=  H    l=0  rc=    0.9000  rs=    0.6000
     atom=  H    l=0  rc=    0.9000  rs=    0.6000
     projs nearly linearly dependent: l=0  n1,n2= 1, 2  s=  0.99953291
     -----------------------------------------------------------------

     GIPAW integrals: -------------------------------------------
     Atom  i/j   nmr_para    nmr_dia     epr_rmc    epr_para     epr_dia
       C   1 1  0.6703E+03  0.3063E+00  0.6451E+01  0.8256E+04  0.4420E+01
       C   2 1  0.7046E+03  0.2837E+00  0.6791E+01  0.8699E+04  0.4425E+01
       C   2 2  0.7405E+03  0.2570E+00  0.7107E+01  0.9166E+04  0.4470E+01
       C   3 3  0.1575E+01  0.6220E-01  0.4343E+00  0.3069E+02  0.8653E+00
       C   4 3  0.1749E+01  0.7880E-01  0.5263E+00  0.3351E+02  0.1047E+01
       C   4 4  0.1939E+01  0.9679E-01  0.6372E+00  0.3657E+02  0.1259E+01
       H   1 1  0.4000E+02  0.5419E-01  0.7825E-01  0.2766E+03  0.1531E+00
       H   2 1  0.4244E+02  0.6121E-01  0.8972E-01  0.2912E+03  0.1765E+00
       H   2 2  0.4503E+02  0.6863E-01  0.1051E+00  0.3066E+03  0.2056E+00
     ------------------------------------------------------------



    Initializing NMR ...

    Allocate A_vec(nrxxs,3)    with dffts%nnr =  419175
    Allocate grad_psi(nrxxs,3) with dffts%nnr =  419175
    Allocate A_0(3,nat)        with nat   =       5

    Magnetic dipole at atom    1
    m_0 = (  0.00  0.00  1.00)  mu_b


    A_0(:,   1):   0.000000E+00  0.000000E+00  0.000000E+00
    A_0(:,   2):   0.000000E+00  0.000000E+00  0.000000E+00
    A_0(:,   3):   0.000000E+00  0.114874E-02  0.000000E+00
    A_0(:,   4):   0.994840E-03 -0.574375E-03  0.000000E+00
    A_0(:,   5):  -0.994840E-03 -0.574375E-03  0.000000E+00



     R & G space division:  proc/nbgrp/npool/nimage =       6
     Subspace diagonalization in iterative solution of the eigenvalue problem:
     a serial algorithm will be used



     bravais-lattice index     =            1
     lattice parameter (alat)  =      37.7945  a.u.
     unit-cell volume          =   53986.6760 (a.u.)^3
     number of atoms/cell      =            5
     number of atomic types    =            2
     number of electrons       =         8.00
     number of Kohn-Sham states=            8
     kinetic-energy cutoff     =      30.0000  Ry
     charge density cutoff     =     120.0000  Ry
     scf convergence threshold =      1.0E-08
     mixing beta               =       0.5000
     number of iterations used =            8  plain     mixing
     Exchange-correlation= PBE
                           (   1   4   3   4   0   0   0)

     celldm(1)=  37.794522  celldm(2)=   0.000000  celldm(3)=   0.000000
     celldm(4)=   0.000000  celldm(5)=   0.000000  celldm(6)=   0.000000

     crystal axes: (cart. coord. in units of alat)
               a(1) = (   1.000000   0.000000   0.000000 )  
               a(2) = (   0.000000   1.000000   0.000000 )  
               a(3) = (   0.000000   0.000000   1.000000 )  

     reciprocal axes: (cart. coord. in units 2 pi/alat)
               b(1) = (  1.000000  0.000000  0.000000 )  
               b(2) = (  0.000000  1.000000  0.000000 )  
               b(3) = (  0.000000  0.000000  1.000000 )  


     PseudoPot. # 1 for C  read from file:
     ./pseudo/C.pbe-tm-new-gipaw.UPF
     MD5 check sum: c9fa938d11269a3b0a4c160d8754c0f1
     Pseudo is Norm-conserving, Zval =  4.0
     Generated by new atomic code, or converted to UPF format
     Using radial grid of 1441 points,  1 beta functions with: 
                l(1) =   0

     PseudoPot. # 2 for H  read from file:
     ./pseudo/H.pbe-tm-new-gipaw.UPF
     MD5 check sum: 0e5abdcbf773fd5bd1c97111569d22ab
     Pseudo is Norm-conserving, Zval =  1.0
     Generated by new atomic code, or converted to UPF format
     Using radial grid of 1261 points,  0 beta functions with: 

     atomic species   valence    mass     pseudopotential
        C              4.00    12.01070     C ( 1.00)
        H              1.00     1.00794     H ( 1.00)

     No symmetry found


                                    s                        frac. trans.

      isym =  1     identity                                     

 cryst.   s( 1) = (     1          0          0      )
                  (     0          1          0      )
                  (     0          0          1      )

 cart.    s( 1) = (  1.0000000  0.0000000  0.0000000 )
                  (  0.0000000  1.0000000  0.0000000 )
                  (  0.0000000  0.0000000  1.0000000 )


     point group C_1 (1)    
     there are  1 classes
     the character table:

       E    
A      1.00

     the symmetry operations in each class and the name of the first element:

     E        1
          identity                                               

   Cartesian axes

     site n.     atom                  positions (alat units)
         1           C   tau(   1) = (   0.0000000   0.0000000   0.0000000  )
         2           H   tau(   2) = (   0.0000000   0.0000000   0.0544500  )
         3           H   tau(   3) = (   0.0513360   0.0000000  -0.0181500  )
         4           H   tau(   4) = (  -0.0256680  -0.0444580  -0.0181500  )
         5           H   tau(   5) = (  -0.0256680   0.0444580  -0.0181500  )

   Crystallographic axes

     site n.     atom                  positions (cryst. coord.)
         1           C   tau(   1) = (  0.0000000  0.0000000  0.0000000  )
         2           H   tau(   2) = (  0.0000000  0.0000000  0.0544500  )
         3           H   tau(   3) = (  0.0513360  0.0000000 -0.0181500  )
         4           H   tau(   4) = ( -0.0256680 -0.0444580 -0.0181500  )
         5           H   tau(   5) = ( -0.0256680  0.0444580 -0.0181500  )

     number of k points=     1  Marzari-Vanderbilt smearing, width (Ry)=  0.0200
                       cart. coord. in units 2pi/alat
        k(    1) = (   0.0000000   0.0000000   0.0000000), wk =   2.0000000

                       cryst. coord.
        k(    1) = (   0.0000000   0.0000000   0.0000000), wk =   2.0000000

     Dense  grid:  1198487 G-vectors     FFT dimensions: ( 135, 135, 135)

     Initial potential from superposition of free atoms

     starting charge       6.0000, renormalised to       8.0000

     negative rho (up, down):  9.740E-03 0.000E+00
     Starting wfcs are   16 atomic wfcs

     Self-consistent Calculation

     iteration #  1     ecut=    30.00 Ry     beta= 0.50
     Davidson diagonalization with overlap 

---- Real-time Memory Report at c_bands before calling an iterative solver
           190 MiB given to the printing process from OS
             0 MiB allocation reported by mallinfo(arena+hblkhd)
          3157 MiB available memory on the node where the printing process lives
------------------
     c_bands:  4 eigenvalues not converged
     ethr =  1.00E-08,  avg # of iterations = 20.0

     negative rho (up, down):  4.792E-03 0.000E+00

     total energy              =     -16.05307918 Ry
     Harris-Foulkes estimate   =     -16.14209539 Ry
     estimated scf accuracy    <       0.24032528 Ry

     iteration #  2     ecut=    30.00 Ry     beta= 0.50
     Davidson diagonalization with overlap 

---- Real-time Memory Report at c_bands before calling an iterative solver
           221 MiB given to the printing process from OS
             0 MiB allocation reported by mallinfo(arena+hblkhd)
          2794 MiB available memory on the node where the printing process lives
------------------
     ethr =  3.00E-03,  avg # of iterations =  2.0

     negative rho (up, down):  2.114E-03 0.000E+00

     total energy              =     -16.06926500 Ry
     Harris-Foulkes estimate   =     -16.07916693 Ry
     estimated scf accuracy    <       0.02919619 Ry

     iteration #  3     ecut=    30.00 Ry     beta= 0.50
     Davidson diagonalization with overlap 

---- Real-time Memory Report at c_bands before calling an iterative solver
           229 MiB given to the printing process from OS
             0 MiB allocation reported by mallinfo(arena+hblkhd)
          2734 MiB available memory on the node where the printing process lives
------------------
     ethr =  3.65E-04,  avg # of iterations =  1.0

     negative rho (up, down):  3.842E-04 0.000E+00

     total energy              =     -16.07058391 Ry
     Harris-Foulkes estimate   =     -16.07150228 Ry
     estimated scf accuracy    <       0.00310349 Ry

     iteration #  4     ecut=    30.00 Ry     beta= 0.50
     Davidson diagonalization with overlap 

---- Real-time Memory Report at c_bands before calling an iterative solver
           235 MiB given to the printing process from OS
             0 MiB allocation reported by mallinfo(arena+hblkhd)
          2685 MiB available memory on the node where the printing process lives
------------------
     ethr =  3.88E-05,  avg # of iterations =  1.0

     negative rho (up, down):  1.859E-08 0.000E+00

     total energy              =     -16.07067920 Ry
     Harris-Foulkes estimate   =     -16.07072643 Ry
     estimated scf accuracy    <       0.00010734 Ry

     iteration #  5     ecut=    30.00 Ry     beta= 0.50
     Davidson diagonalization with overlap 

---- Real-time Memory Report at c_bands before calling an iterative solver
           241 MiB given to the printing process from OS
             0 MiB allocation reported by mallinfo(arena+hblkhd)
          2643 MiB available memory on the node where the printing process lives
------------------
     ethr =  1.34E-06,  avg # of iterations =  3.0

     total energy              =     -16.07071531 Ry
     Harris-Foulkes estimate   =     -16.07075606 Ry
     estimated scf accuracy    <       0.00008971 Ry

     iteration #  6     ecut=    30.00 Ry     beta= 0.50
     Davidson diagonalization with overlap 

---- Real-time Memory Report at c_bands before calling an iterative solver
           247 MiB given to the printing process from OS
             0 MiB allocation reported by mallinfo(arena+hblkhd)
          2599 MiB available memory on the node where the printing process lives
------------------
     ethr =  1.12E-06,  avg # of iterations =  2.0

     total energy              =     -16.07072796 Ry
     Harris-Foulkes estimate   =     -16.07072809 Ry
     estimated scf accuracy    <       0.00000063 Ry

     iteration #  7     ecut=    30.00 Ry     beta= 0.50
     Davidson diagonalization with overlap 

---- Real-time Memory Report at c_bands before calling an iterative solver
           253 MiB given to the printing process from OS
             0 MiB allocation reported by mallinfo(arena+hblkhd)
          2546 MiB available memory on the node where the printing process lives
------------------
     ethr =  7.93E-09,  avg # of iterations =  2.0

     total energy              =     -16.07072808 Ry
     Harris-Foulkes estimate   =     -16.07072820 Ry
     estimated scf accuracy    <       0.00000027 Ry

     iteration #  8     ecut=    30.00 Ry     beta= 0.50
     Davidson diagonalization with overlap 

---- Real-time Memory Report at c_bands before calling an iterative solver
           259 MiB given to the printing process from OS
             0 MiB allocation reported by mallinfo(arena+hblkhd)
          2496 MiB available memory on the node where the printing process lives
------------------
     ethr =  3.37E-09,  avg # of iterations =  2.0

     total energy              =     -16.07072811 Ry
     Harris-Foulkes estimate   =     -16.07072812 Ry
     estimated scf accuracy    <       0.00000002 Ry

     iteration #  9     ecut=    30.00 Ry     beta= 0.50
     Davidson diagonalization with overlap 

---- Real-time Memory Report at c_bands before calling an iterative solver
           265 MiB given to the printing process from OS
             0 MiB allocation reported by mallinfo(arena+hblkhd)
          2462 MiB available memory on the node where the printing process lives
------------------
     ethr =  2.05E-10,  avg # of iterations =  1.0

     End of self-consistent calculation

          k = 0.0000 0.0000 0.0000 (149781 PWs)   bands (ev):

   -17.0699  -9.3695  -9.3691  -9.3682  -0.4063   0.0431   0.2773   0.2782

     occupation numbers 
     1.0000   1.0000   1.0000   1.0000   0.0000   0.0000   0.0000   0.0000

     the Fermi energy is    -2.6983 ev

!    total energy              =     -16.07072809 Ry
     Harris-Foulkes estimate   =     -16.07072811 Ry
     estimated scf accuracy    <          7.0E-09 Ry
     smearing contrib. (-TS)   =      -0.00000000 Ry
     internal energy E=F+TS    =     -16.07072809 Ry

     The total energy is F=E-TS. E is the sum of the following terms:
     one-electron contribution =     -49.67659137 Ry
     hartree contribution      =      25.62389128 Ry
     xc contribution           =      -6.34457845 Ry
     ewald contribution        =      14.32655045 Ry

     convergence has been achieved in   9 iterations
     Computing du/dk (covariant derivative)
     k-point:   1    occ=  4
     compute_u_kq: q = (    0.0000,    0.0000,    0.0000)
     ethr =  1.00E-13,  avg # of iterations =  6.0
     eigenvalues at k:
 -17.0699  -9.3695  -9.3691  -9.3682  -0.4063   0.0431   0.2773   0.2782
     eigenvalues at k+q:
 -17.0689  -9.3687  -9.3683  -9.3674  -0.4062   0.0429   0.2767   0.2773
     compute_u_kq: q = (   -0.0602,    0.0000,    0.0000)
     ethr =  1.00E-13,  avg # of iterations = 41.0
     eigenvalues at k:
 -17.0699  -9.3695  -9.3691  -9.3682  -0.4063   0.0431   0.2773   0.2782
     eigenvalues at k+q:
 -17.0689  -9.3687  -9.3683  -9.3674  -0.4060   0.0430   0.2630   0.2783
     compute_u_kq: q = (    0.0602,    0.0000,    0.0000)
     ethr =  1.00E-13,  avg # of iterations = 41.0
     eigenvalues at k:
 -17.0699  -9.3695  -9.3691  -9.3682  -0.4063   0.0431   0.2773   0.2782
     eigenvalues at k+q:
 -17.0689  -9.3687  -9.3683  -9.3674  -0.4060   0.0430   0.2628   0.2784
     compute_u_kq: q = (    0.0000,   -0.0602,    0.0000)
     ethr =  1.00E-13,  avg # of iterations = 13.0
     eigenvalues at k:
 -17.0699  -9.3695  -9.3691  -9.3682  -0.4063   0.0431   0.2773   0.2782
     eigenvalues at k+q:
 -17.0689  -9.3687  -9.3683  -9.3674  -0.4060   0.0431   0.2640   0.2782
     compute_u_kq: q = (    0.0000,    0.0602,    0.0000)
     ethr =  1.00E-13,  avg # of iterations = 13.0
     eigenvalues at k:
 -17.0699  -9.3695  -9.3691  -9.3682  -0.4063   0.0431   0.2773   0.2782
     eigenvalues at k+q:
 -17.0689  -9.3687  -9.3683  -9.3674  -0.4059   0.0430   0.2647   0.2782
     compute_u_kq: q = (    0.0000,    0.0000,   -0.0602)
     ethr =  1.00E-13,  avg # of iterations = 12.0
     eigenvalues at k:
 -17.0699  -9.3695  -9.3691  -9.3682  -0.4063   0.0431   0.2773   0.2782
     eigenvalues at k+q:
 -17.0689  -9.3687  -9.3683  -9.3674  -0.4060   0.0429   0.2628   0.2781
     compute_u_kq: q = (    0.0000,    0.0000,    0.0602)
     ethr =  1.00E-13,  avg # of iterations = 11.0
     eigenvalues at k:
 -17.0699  -9.3695  -9.3691  -9.3682  -0.4063   0.0431   0.2773   0.2782
     eigenvalues at k+q:
 -17.0689  -9.3687  -9.3683  -9.3674  -0.4060   0.0430   0.2627   0.2781
     done with du/dk   q_gipaw = 0.010000

     Computing the orbital magnetization (bohr mag/cell):
BC: k-point:    1  pool:   1        0.000001   -0.000000   -0.000006
LC: k-point:    1  pool:   1        0.000000    0.000000    0.000073
IC: k-point:    1  pool:   1        0.000000    0.000000    0.000000

     SPIN-ORBIT:
     lambda_so          =       0.000000      0.000000      0.000000

     Berry curvature    =       0.000001     -0.000000     -0.000006
     Fermi energy       =      -0.198318 rydberg

     NUCLEAR DIPOLE ON ATOM   1:
     m_0                =       0.000000      0.000000      1.414214

     (without Berry curvature term)
     M_LC               =       0.000000      0.000000      0.000146
     M_IC               =      -0.000001      0.000000     -0.000047
     Delta_M_bare       =      -0.000000     -0.000000     -0.000000
     Delta_M_para       =       0.000000      0.000000     -0.000003
     Delta_M_dia        =       0.000000      0.000000     -0.000008
     M_tot              =      -0.000000      0.000000      0.000089

     (with Berry curvature term)
     M_LC               =       0.000001     -0.000000      0.000145
     M_IC               =      -0.000000      0.000000     -0.000048
     Delta_M            =      -0.000000     -0.000000     -0.000010
     M_tot              =       0.000000      0.000000      0.000087

     NUCLEAR DIPOLE ON ATOM   1 (C  ):
     m_0                =       0.000000      0.000000      1.414214
     Chemical shift (ppm):       -0.0848       -0.0958      -43.5231
     Core shift     (ppm):      200.5108

     QE-CONVERSE  :   1m25.24s CPU   1m27.73s WALL


   This run was terminated on:  15: 9:44  14Nov2024            

=------------------------------------------------------------------------------=
   JOB DONE.
=------------------------------------------------------------------------------=
     Initialization:

     read_file    :      1.15s CPU      1.26s WALL (       1 calls)
     gipaw_setup  :      0.06s CPU      0.07s WALL (       1 calls)
     wfcinit      :      1.24s CPU      1.26s WALL (       1 calls)
     hinit0       :      0.11s CPU      0.11s WALL (       1 calls)
     potinit      :      0.53s CPU      0.59s WALL (       1 calls)

     SCF calculation:

     electrons    :     30.12s CPU     30.95s WALL (       1 calls)
     h_psi        :     71.30s CPU     73.15s WALL (     240 calls)

     g-tensor:

     compute_dudk :     47.22s CPU     48.54s WALL (       1 calls)
     orbital_magn :      4.67s CPU      4.79s WALL (       1 calls)
