
     Program QE-CONVERSE v.7.2 starts on 14Nov2024 at 15:26:45 

     This program is part of the open-source Quantum ESPRESSO suite
     for quantum simulation of materials; please cite
         "P. Giannozzi et al., J. Phys.:Condens. Matter 21 395502 (2009);
         "P. Giannozzi et al., J. Phys.:Condens. Matter 29 465901 (2017);
         "P. Giannozzi et al., J. Chem. Phys. 152 154105 (2020);
          URL http://www.quantum-espresso.org", 
     in publications or presentations arising from this work. More details at
     http://www.quantum-espresso.org/quote

     Parallel version (MPI), running on     6 processors

     MPI processes distributed on     1 nodes
     R & G space division:  proc/nbgrp/npool/nimage =       6
     7118 MiB available memory on the printing compute node when the environment starts


     Reading xml data from directory:

     ./scratch/ch4.save/

     IMPORTANT: XC functional enforced from input :
     Exchange-correlation= PBE
                           (   1   4   3   4   0   0   0)
     Any further DFT definition will be discarded
     Please, verify this is what you really want


     Parallelization info
     --------------------
     sticks:   dense  smooth     PW     G-vecs:    dense   smooth      PW
     Min        1894    1894    473               151984   151984   18966
     Max        1895    1895    475               151987   151987   18967
     Sum       11369   11369   2845               911913   911913  113801

     Using Slab Decomposition

     Reading collected, re-writing distributed wavefunctions
     GIPAW projectors -----------------------------------------------
     atom=  C    l=0  rc=    1.5400  rs=    1.0267
     atom=  C    l=0  rc=    1.5400  rs=    1.0267
     atom=  C    l=1  rc=    1.5400  rs=    1.0267
     atom=  C    l=1  rc=    1.5400  rs=    1.0267
     projs nearly linearly dependent: l=0  n1,n2= 1, 2  s=  0.99588996
     projs nearly linearly dependent: l=1  n1,n2= 1, 2  s=  0.99890453

     atom=  H    l=0  rc=    0.9000  rs=    0.6000
     atom=  H    l=0  rc=    0.9000  rs=    0.6000
     projs nearly linearly dependent: l=0  n1,n2= 1, 2  s=  0.99953291
     -----------------------------------------------------------------

     GIPAW integrals: -------------------------------------------
     Atom  i/j   nmr_para    nmr_dia     epr_rmc    epr_para     epr_dia
       C   1 1  0.6703E+03  0.3063E+00  0.6451E+01  0.8256E+04  0.4420E+01
       C   2 1  0.7046E+03  0.2837E+00  0.6791E+01  0.8699E+04  0.4425E+01
       C   2 2  0.7405E+03  0.2570E+00  0.7107E+01  0.9166E+04  0.4470E+01
       C   3 3  0.1575E+01  0.6220E-01  0.4343E+00  0.3069E+02  0.8653E+00
       C   4 3  0.1749E+01  0.7880E-01  0.5263E+00  0.3351E+02  0.1047E+01
       C   4 4  0.1939E+01  0.9679E-01  0.6372E+00  0.3657E+02  0.1259E+01
       H   1 1  0.4000E+02  0.5419E-01  0.7825E-01  0.2766E+03  0.1531E+00
       H   2 1  0.4244E+02  0.6121E-01  0.8972E-01  0.2912E+03  0.1765E+00
       H   2 2  0.4503E+02  0.6863E-01  0.1051E+00  0.3066E+03  0.2056E+00
     ------------------------------------------------------------



    Initializing NMR ...

    Allocate A_vec(nrxxs,3)    with dffts%nnr =  328125
    Allocate grad_psi(nrxxs,3) with dffts%nnr =  328125
    Allocate A_0(3,nat)        with nat   =       5

    Magnetic dipole at atom    1
    m_0 = (  1.00  0.00  0.00)  mu_b


    A_0(:,   1):   0.000000E+00  0.000000E+00  0.000000E+00
    A_0(:,   2):   0.000000E+00 -0.487368E-02  0.000000E+00
    A_0(:,   3):   0.000000E+00  0.162456E-02  0.000000E+00
    A_0(:,   4):   0.000000E+00  0.162458E-02 -0.397936E-02
    A_0(:,   5):   0.000000E+00  0.162458E-02  0.397936E-02



     R & G space division:  proc/nbgrp/npool/nimage =       6
     Subspace diagonalization in iterative solution of the eigenvalue problem:
     a serial algorithm will be used



     bravais-lattice index     =            1
     lattice parameter (alat)  =      18.8973  a.u.
     unit-cell volume          =    6748.3345 (a.u.)^3
     number of atoms/cell      =            5
     number of atomic types    =            2
     number of electrons       =         8.00 (up:   4.00, down:   4.00)
     number of Kohn-Sham states=            8
     kinetic-energy cutoff     =     100.0000  Ry
     charge density cutoff     =     400.0000  Ry
     scf convergence threshold =      1.0E-08
     mixing beta               =       0.5000
     number of iterations used =            8  plain     mixing
     Exchange-correlation= PBE
                           (   1   4   3   4   0   0   0)

     celldm(1)=  18.897261  celldm(2)=   0.000000  celldm(3)=   0.000000
     celldm(4)=   0.000000  celldm(5)=   0.000000  celldm(6)=   0.000000

     crystal axes: (cart. coord. in units of alat)
               a(1) = (   1.000000   0.000000   0.000000 )  
               a(2) = (   0.000000   1.000000   0.000000 )  
               a(3) = (   0.000000   0.000000   1.000000 )  

     reciprocal axes: (cart. coord. in units 2 pi/alat)
               b(1) = (  1.000000  0.000000  0.000000 )  
               b(2) = (  0.000000  1.000000  0.000000 )  
               b(3) = (  0.000000  0.000000  1.000000 )  


     PseudoPot. # 1 for C  read from file:
     ./pseudo/C.pbe-tm-new-gipaw.UPF
     MD5 check sum: c9fa938d11269a3b0a4c160d8754c0f1
     Pseudo is Norm-conserving, Zval =  4.0
     Generated by new atomic code, or converted to UPF format
     Using radial grid of 1441 points,  1 beta functions with: 
                l(1) =   0

     PseudoPot. # 2 for H  read from file:
     ./pseudo/H.pbe-tm-new-gipaw.UPF
     MD5 check sum: 0e5abdcbf773fd5bd1c97111569d22ab
     Pseudo is Norm-conserving, Zval =  1.0
     Generated by new atomic code, or converted to UPF format
     Using radial grid of 1261 points,  0 beta functions with: 

     atomic species   valence    mass     pseudopotential
        C              4.00    12.01070     C ( 1.00)
        H              1.00     1.00794     H ( 1.00)

     Starting magnetic structure 
     atomic species   magnetization
        C            0.000
        H            0.000

     No symmetry found


                                    s                        frac. trans.

      isym =  1     identity                                     

 cryst.   s( 1) = (     1          0          0      )
                  (     0          1          0      )
                  (     0          0          1      )

 cart.    s( 1) = (  1.0000000  0.0000000  0.0000000 )
                  (  0.0000000  1.0000000  0.0000000 )
                  (  0.0000000  0.0000000  1.0000000 )


     point group C_1 (1)    
     there are  1 classes
     the character table:

       E    
A      1.00

     the symmetry operations in each class and the name of the first element:

     E        1
          identity                                               

   Cartesian axes

     site n.     atom                  positions (alat units)
         1           C   tau(   1) = (   0.0000000   0.0000000   0.0000000  )
         2           H   tau(   2) = (   0.0000000   0.0000000   0.0544500  )
         3           H   tau(   3) = (   0.0513360   0.0000000  -0.0181500  )
         4           H   tau(   4) = (  -0.0256680  -0.0444580  -0.0181500  )
         5           H   tau(   5) = (  -0.0256680   0.0444580  -0.0181500  )

   Crystallographic axes

     site n.     atom                  positions (cryst. coord.)
         1           C   tau(   1) = (  0.0000000  0.0000000  0.0000000  )
         2           H   tau(   2) = (  0.0000000  0.0000000  0.0544500  )
         3           H   tau(   3) = (  0.0513360  0.0000000 -0.0181500  )
         4           H   tau(   4) = ( -0.0256680 -0.0444580 -0.0181500  )
         5           H   tau(   5) = ( -0.0256680  0.0444580 -0.0181500  )

     number of k points=     1  Marzari-Vanderbilt smearing, width (Ry)=  0.0200
                       cart. coord. in units 2pi/alat
        k(    1) = (   0.0000000   0.0000000   0.0000000), wk =   1.0000000

                       cryst. coord.
        k(    1) = (   0.0000000   0.0000000   0.0000000), wk =   1.0000000

     Dense  grid:   911913 G-vectors     FFT dimensions: ( 125, 125, 125)

     Initial potential from superposition of free atoms

     starting charge       6.0000, renormalised to       8.0000

     negative rho (up, down):  7.955E-06 7.955E-06
     Starting wfcs are   16 atomic wfcs

     Self-consistent Calculation

     iteration #  1     ecut=   100.00 Ry     beta= 0.50
     Davidson diagonalization with overlap 

---- Real-time Memory Report at c_bands before calling an iterative solver
           189 MiB given to the printing process from OS
             0 MiB allocation reported by mallinfo(arena+hblkhd)
          6378 MiB available memory on the node where the printing process lives
------------------
     ethr =  1.00E-08,  avg # of iterations = 18.0

     negative rho (up, down):  3.959E-06 3.959E-06

     total energy              =     -10.77990036 Ry
     Harris-Foulkes estimate   =     -12.85204658 Ry
     estimated scf accuracy    <       3.63792432 Ry

     total magnetization       =     0.00 Bohr mag/cell
     absolute magnetization    =     0.00 Bohr mag/cell

     iteration #  2     ecut=   100.00 Ry     beta= 0.50
     Davidson diagonalization with overlap 

---- Real-time Memory Report at c_bands before calling an iterative solver
           232 MiB given to the printing process from OS
             0 MiB allocation reported by mallinfo(arena+hblkhd)
          5872 MiB available memory on the node where the printing process lives
------------------
     ethr =  1.00E-02,  avg # of iterations =  2.0

     negative rho (up, down):  1.558E-06 1.558E-06

     total energy              =     -11.12408094 Ry
     Harris-Foulkes estimate   =     -11.20262421 Ry
     estimated scf accuracy    <       0.13659699 Ry

     total magnetization       =     0.00 Bohr mag/cell
     absolute magnetization    =     0.00 Bohr mag/cell

     iteration #  3     ecut=   100.00 Ry     beta= 0.50
     Davidson diagonalization with overlap 

---- Real-time Memory Report at c_bands before calling an iterative solver
           242 MiB given to the printing process from OS
             0 MiB allocation reported by mallinfo(arena+hblkhd)
          5829 MiB available memory on the node where the printing process lives
------------------
     ethr =  1.71E-03,  avg # of iterations =  2.0

     negative rho (up, down):  3.607E-07 3.607E-07

     total energy              =     -11.14595215 Ry
     Harris-Foulkes estimate   =     -11.14954613 Ry
     estimated scf accuracy    <       0.00804342 Ry

     total magnetization       =     0.00 Bohr mag/cell
     absolute magnetization    =     0.00 Bohr mag/cell

     iteration #  4     ecut=   100.00 Ry     beta= 0.50
     Davidson diagonalization with overlap 

---- Real-time Memory Report at c_bands before calling an iterative solver
           251 MiB given to the printing process from OS
             0 MiB allocation reported by mallinfo(arena+hblkhd)
          5762 MiB available memory on the node where the printing process lives
------------------
     ethr =  1.01E-04,  avg # of iterations =  4.0

     negative rho (up, down):  3.109E-08 3.109E-08

     total energy              =     -11.14645454 Ry
     Harris-Foulkes estimate   =     -11.14764084 Ry
     estimated scf accuracy    <       0.00199127 Ry

     total magnetization       =     0.00 Bohr mag/cell
     absolute magnetization    =     0.00 Bohr mag/cell

     iteration #  5     ecut=   100.00 Ry     beta= 0.50
     Davidson diagonalization with overlap 

---- Real-time Memory Report at c_bands before calling an iterative solver
           260 MiB given to the printing process from OS
             0 MiB allocation reported by mallinfo(arena+hblkhd)
          5702 MiB available memory on the node where the printing process lives
------------------
     ethr =  2.49E-05,  avg # of iterations =  2.0

     total energy              =     -11.14685457 Ry
     Harris-Foulkes estimate   =     -11.14685593 Ry
     estimated scf accuracy    <       0.00000425 Ry

     total magnetization       =     0.00 Bohr mag/cell
     absolute magnetization    =     0.00 Bohr mag/cell

     iteration #  6     ecut=   100.00 Ry     beta= 0.50
     Davidson diagonalization with overlap 

---- Real-time Memory Report at c_bands before calling an iterative solver
           270 MiB given to the printing process from OS
             0 MiB allocation reported by mallinfo(arena+hblkhd)
          5646 MiB available memory on the node where the printing process lives
------------------
     ethr =  5.31E-08,  avg # of iterations =  3.0

     total energy              =     -11.14685571 Ry
     Harris-Foulkes estimate   =     -11.14685605 Ry
     estimated scf accuracy    <       0.00000086 Ry

     total magnetization       =     0.00 Bohr mag/cell
     absolute magnetization    =     0.00 Bohr mag/cell

     iteration #  7     ecut=   100.00 Ry     beta= 0.50
     Davidson diagonalization with overlap 

---- Real-time Memory Report at c_bands before calling an iterative solver
           279 MiB given to the printing process from OS
             0 MiB allocation reported by mallinfo(arena+hblkhd)
          5585 MiB available memory on the node where the printing process lives
------------------
     ethr =  1.07E-08,  avg # of iterations =  2.0

     End of self-consistent calculation

 ------ SPIN UP ------------


          k = 0.0000 0.0000 0.0000 (113801 PWs)   bands (ev):

   -20.8207 -12.5732 -12.5714 -12.5695  -0.2055   1.2360   1.2361   1.2364

     occupation numbers 
     1.0000   1.0000   1.0000   1.0000   0.0000   0.0000   0.0000   0.0000

 ------ SPIN DOWN ----------


          k = 0.0000 0.0000 0.0000 (113801 PWs)   bands (ev):

   -20.8207 -12.5732 -12.5714 -12.5695  -0.2055   1.2360   1.2361   1.2364

     occupation numbers 
     1.0000   1.0000   1.0000   1.0000   0.0000   0.0000   0.0000   0.0000

     the spin up/dw Fermi energies are    -9.7922   -9.7922 ev

!    total energy              =     -11.14685583 Ry
     Harris-Foulkes estimate   =     -11.14685584 Ry
     estimated scf accuracy    <          5.5E-10 Ry
     smearing contrib. (-TS)   =       0.00000000 Ry
     internal energy E=F+TS    =     -11.14685583 Ry

     The total energy is F=E-TS. E is the sum of the following terms:
     one-electron contribution =     -64.90448744 Ry
     hartree contribution      =      33.75320722 Ry
     xc contribution           =      -8.64867657 Ry
     ewald contribution        =      28.65310096 Ry

     total magnetization       =     0.00 Bohr mag/cell
     absolute magnetization    =     0.00 Bohr mag/cell

     convergence has been achieved in   7 iterations
     Computing du/dk (single point)
     k-point:   1    occ=  4
           1   3.0075925382408246     
           1   3.0075925382408246     
           2   3.0075925382408246     
           2   3.0075925382408246     
           3   3.0075925382408246     
           3   3.0075925382408246     
     k-point:   2    occ=  4
           1   3.0075925382408246     
           1   3.0075925382408246     
           2   3.0075925382408246     
           2   3.0075925382408246     
           3   3.0075925382408246     
           3   3.0075925382408246     
     done with du/dk   q_gipaw = 0.010000

     Computing the orbital magnetization (bohr mag/cell):
BC: k-point:    1  pool:   1       -0.000000   -0.000000    0.000000
LC: k-point:    1  pool:   1        0.000010   -0.000000    0.000000
IC: k-point:    1  pool:   1        0.000000    0.000000    0.000000
BC: k-point:    2  pool:   1       -0.000000   -0.000000    0.000000
LC: k-point:    2  pool:   1        0.000010   -0.000000    0.000000
IC: k-point:    2  pool:   1        0.000000    0.000000    0.000000

     SPIN-ORBIT:
     lambda_so          =       0.000000      0.000000      0.000000

     Berry curvature    =      -0.000000     -0.000000      0.000000
     Fermi energy       =      -0.719710 rydberg

     NUCLEAR DIPOLE ON ATOM   1:
     m_0                =       1.414214      0.000000      0.000000

     (without Berry curvature term)
     M_LC               =       0.000041     -0.000000      0.000000
     M_IC               =      -0.000373      0.000000      0.000000
     Delta_M_bare       =       0.000132     -0.000000      0.000000
     Delta_M_para       =      -0.000001      0.000000     -0.000000
     Delta_M_dia        =      -0.000019      0.000000      0.000000
     M_tot              =      -0.000219     -0.000000      0.000000

     (with Berry curvature term)
     M_LC               =       0.000041     -0.000000      0.000000
     M_IC               =      -0.000373      0.000000      0.000000
     Delta_M            =       0.000112     -0.000000      0.000000
     M_tot              =      -0.000220     -0.000000      0.000000

     NUCLEAR DIPOLE ON ATOM   1 (C  ):
     m_0                =       1.414214      0.000000      0.000000
     Chemical shift (ppm):      110.0557        0.0000       -0.0232
     Core shift     (ppm):      200.5108

     QE-CONVERSE  :     48.60s CPU     50.30s WALL


   This run was terminated on:  15:27:35  14Nov2024            

=------------------------------------------------------------------------------=
   JOB DONE.
=------------------------------------------------------------------------------=
     Initialization:

     read_file    :      1.13s CPU      1.29s WALL (       1 calls)
     gipaw_setup  :      0.05s CPU      0.06s WALL (       1 calls)
     wfcinit      :      1.94s CPU      1.99s WALL (       1 calls)
     hinit0       :      0.08s CPU      0.09s WALL (       1 calls)
     potinit      :      0.73s CPU      0.80s WALL (       1 calls)

     SCF calculation:

     electrons    :     36.44s CPU     37.59s WALL (       1 calls)
     h_psi        :     36.40s CPU     37.39s WALL (     178 calls)

     g-tensor:

     compute_dudk :      1.05s CPU      1.12s WALL (       1 calls)
     orbital_magn :      7.05s CPU      7.25s WALL (       1 calls)
