
     Program QE-CONVERSE v.7.2 starts on 13Nov2024 at 14:18:52 

     This program is part of the open-source Quantum ESPRESSO suite
     for quantum simulation of materials; please cite
         "P. Giannozzi et al., J. Phys.:Condens. Matter 21 395502 (2009);
         "P. Giannozzi et al., J. Phys.:Condens. Matter 29 465901 (2017);
         "P. Giannozzi et al., J. Chem. Phys. 152 154105 (2020);
          URL http://www.quantum-espresso.org", 
     in publications or presentations arising from this work. More details at
     http://www.quantum-espresso.org/quote

     Parallel version (MPI), running on     6 processors

     MPI processes distributed on     1 nodes
     R & G space division:  proc/nbgrp/npool/nimage =       6
     7837 MiB available memory on the printing compute node when the environment starts


     Reading xml data from directory:

     ./scratch/CO+.save/

     IMPORTANT: XC functional enforced from input :
     Exchange-correlation= PBE
                           (   1   4   3   4   0   0   0)
     Any further DFT definition will be discarded
     Please, verify this is what you really want


     Parallelization info
     --------------------
     sticks:   dense  smooth     PW     G-vecs:    dense   smooth      PW
     Min         751     751    188                17945    17945    2238
     Max         752     752    189                17946    17946    2239
     Sum        4511    4511   1129               107671   107671   13429

     Using Slab Decomposition

     Reading collected, re-writing distributed wavefunctions
     GIPAW projectors -----------------------------------------------
     atom=  O    l=0  rc=    1.4000  rs=    0.9333
     atom=  O    l=0  rc=    1.4000  rs=    0.9333
     atom=  O    l=1  rc=    1.4000  rs=    0.9333
     atom=  O    l=1  rc=    1.4000  rs=    0.9333
     projs nearly linearly dependent: l=1  n1,n2= 1, 2  s=  0.99858905

     atom=  C    l=0  rc=    1.5400  rs=    1.0267
     atom=  C    l=0  rc=    1.5400  rs=    1.0267
     atom=  C    l=1  rc=    1.5400  rs=    1.0267
     atom=  C    l=1  rc=    1.5400  rs=    1.0267
     projs nearly linearly dependent: l=0  n1,n2= 1, 2  s=  0.99588996
     projs nearly linearly dependent: l=1  n1,n2= 1, 2  s=  0.99890453
     -----------------------------------------------------------------

     GIPAW integrals: -------------------------------------------
     Atom  i/j   nmr_para    nmr_dia     epr_rmc    epr_para     epr_dia
       O   1 1  0.1149E+04  0.2316E+00  0.8411E+01  0.1903E+05  0.5983E+01
       O   2 1  0.1170E+04  0.4805E-01  0.8370E+01  0.1952E+05  0.4733E+01
       O   2 2  0.1189E+04  -.1472E+00  0.7956E+01  0.2002E+05  0.3721E+01
       O   3 3  0.4175E+01  0.1179E+00  0.1114E+01  0.9580E+02  0.2214E+01
       O   4 3  0.4686E+01  0.1552E+00  0.1377E+01  0.1054E+03  0.2733E+01
       O   4 4  0.5248E+01  0.1959E+00  0.1691E+01  0.1160E+03  0.3329E+01
       C   1 1  0.6703E+03  0.3063E+00  0.6451E+01  0.8256E+04  0.4420E+01
       C   2 1  0.7046E+03  0.2837E+00  0.6791E+01  0.8699E+04  0.4425E+01
       C   2 2  0.7405E+03  0.2570E+00  0.7107E+01  0.9166E+04  0.4470E+01
       C   3 3  0.1575E+01  0.6220E-01  0.4343E+00  0.3069E+02  0.8653E+00
       C   4 3  0.1749E+01  0.7880E-01  0.5263E+00  0.3351E+02  0.1047E+01
       C   4 4  0.1939E+01  0.9679E-01  0.6372E+00  0.3657E+02  0.1259E+01
     ------------------------------------------------------------


     R & G space division:  proc/nbgrp/npool/nimage =       6
     Subspace diagonalization in iterative solution of the eigenvalue problem:
     a serial algorithm will be used



     bravais-lattice index     =           11
     lattice parameter (alat)  =       9.6103  a.u.
     unit-cell volume          =    4853.3805 (a.u.)^3
     number of atoms/cell      =            2
     number of atomic types    =            2
     number of electrons       =         9.00 (up:   5.00, down:   4.00)
     number of Kohn-Sham states=            5
     kinetic-energy cutoff     =      30.0000  Ry
     charge density cutoff     =     120.0000  Ry
     scf convergence threshold =      1.0E-08
     mixing beta               =       0.5000
     number of iterations used =            8  plain     mixing
     Exchange-correlation= PBE
                           (   1   4   3   4   0   0   0)

     celldm(1)=   9.610259  celldm(2)=  10.186136  celldm(3)=   1.073642
     celldm(4)=   0.000000  celldm(5)=   0.000000  celldm(6)=   0.000000

     crystal axes: (cart. coord. in units of alat)
               a(1) = (   0.500000   5.093068   0.536821 )  
               a(2) = (  -0.500000   5.093068   0.536821 )  
               a(3) = (  -0.500000  -5.093068   0.536821 )  

     reciprocal axes: (cart. coord. in units 2 pi/alat)
               b(1) = (  1.000000  0.000000  0.931409 )  
               b(2) = ( -1.000000  0.098173  0.000000 )  
               b(3) = (  0.000000 -0.098173  0.931409 )  


     PseudoPot. # 1 for O  read from file:
     ../pseudo/O.pbe-tm-new-gipaw-dc.UPF
     MD5 check sum: cd70c9dcf1f7d755502eb127a1501eea
     Pseudo is Norm-conserving, Zval =  6.0
     Generated by new atomic code, or converted to UPF format
     Using radial grid of 1469 points,  1 beta functions with: 
                l(1) =   0

     PseudoPot. # 2 for C  read from file:
     ../pseudo/C.pbe-tm-new-gipaw.UPF
     MD5 check sum: c9fa938d11269a3b0a4c160d8754c0f1
     Pseudo is Norm-conserving, Zval =  4.0
     Generated by new atomic code, or converted to UPF format
     Using radial grid of 1441 points,  1 beta functions with: 
                l(1) =   0

     atomic species   valence    mass     pseudopotential
        O              6.00    16.00000     O ( 1.00)
        C              4.00    12.00000     C ( 1.00)

     Starting magnetic structure 
     atomic species   magnetization
        O            0.000
        C            0.000

     No symmetry found


                                    s                        frac. trans.

      isym =  1     identity                                     

 cryst.   s( 1) = (     1          0          0      )
                  (     0          1          0      )
                  (     0          0          1      )

 cart.    s( 1) = (  1.0000000  0.0000000  0.0000000 )
                  (  0.0000000  1.0000000  0.0000000 )
                  (  0.0000000  0.0000000  1.0000000 )


     point group C_1 (1)    
     there are  1 classes
     the character table:

       E    
A      1.00

     the symmetry operations in each class and the name of the first element:

     E        1
          identity                                               

   Cartesian axes

     site n.     atom                  positions (alat units)
         1           O   tau(   1) = (   0.0000000   0.0000000  -0.0001677  )
         2           C   tau(   2) = (   0.0000000   0.0000000   0.2219735  )

   Crystallographic axes

     site n.     atom                  positions (cryst. coord.)
         1           O   tau(   1) = ( -0.0001562  0.0000000 -0.0001562  )
         2           C   tau(   2) = (  0.2067481  0.0000000  0.2067481  )

     number of k points=     1
                       cart. coord. in units 2pi/alat
        k(    1) = (   0.0000000   0.0000000   0.0000000), wk =   1.0000000

                       cryst. coord.
        k(    1) = (   0.0000000   0.0000000   0.0000000), wk =   1.0000000

     Dense  grid:   107671 G-vectors     FFT dimensions: ( 180, 180, 180)

     Initial potential from superposition of free atoms

     starting charge      10.0000, renormalised to       9.0000

     negative rho (up, down):  2.678E-02 2.678E-02
     Starting wfcs are   16 atomic wfcs

     Self-consistent Calculation

     iteration #  1     ecut=    30.00 Ry     beta= 0.50
     Davidson diagonalization with overlap 

---- Real-time Memory Report at c_bands before calling an iterative solver
           310 MiB given to the printing process from OS
             0 MiB allocation reported by mallinfo(arena+hblkhd)
          6905 MiB available memory on the node where the printing process lives
------------------
     ethr =  1.00E-08,  avg # of iterations =  8.0

     negative rho (up, down):  1.306E-02 1.314E-02

     total energy              =     -41.10771292 Ry
     Harris-Foulkes estimate   =     -41.62933322 Ry
     estimated scf accuracy    <       0.95174186 Ry

     total magnetization       =     1.00 Bohr mag/cell
     absolute magnetization    =     1.00 Bohr mag/cell

     iteration #  2     ecut=    30.00 Ry     beta= 0.50
     Davidson diagonalization with overlap 

---- Real-time Memory Report at c_bands before calling an iterative solver
           392 MiB given to the printing process from OS
             0 MiB allocation reported by mallinfo(arena+hblkhd)
          6812 MiB available memory on the node where the printing process lives
------------------
     ethr =  1.00E-02,  avg # of iterations =  3.0

     negative rho (up, down):  9.651E-03 9.744E-03

     total energy              =     -41.18349679 Ry
     Harris-Foulkes estimate   =     -41.52861799 Ry
     estimated scf accuracy    <       0.94624353 Ry

     total magnetization       =     1.00 Bohr mag/cell
     absolute magnetization    =     1.05 Bohr mag/cell

     iteration #  3     ecut=    30.00 Ry     beta= 0.50
     Davidson diagonalization with overlap 

---- Real-time Memory Report at c_bands before calling an iterative solver
           394 MiB given to the printing process from OS
             0 MiB allocation reported by mallinfo(arena+hblkhd)
          6801 MiB available memory on the node where the printing process lives
------------------
     ethr =  1.00E-02,  avg # of iterations =  2.0

     negative rho (up, down):  2.933E-03 3.005E-03

     total energy              =     -41.38032667 Ry
     Harris-Foulkes estimate   =     -41.39090897 Ry
     estimated scf accuracy    <       0.06858821 Ry

     total magnetization       =     1.00 Bohr mag/cell
     absolute magnetization    =     1.04 Bohr mag/cell

     iteration #  4     ecut=    30.00 Ry     beta= 0.50
     Davidson diagonalization with overlap 

---- Real-time Memory Report at c_bands before calling an iterative solver
           395 MiB given to the printing process from OS
             0 MiB allocation reported by mallinfo(arena+hblkhd)
          6797 MiB available memory on the node where the printing process lives
------------------
     ethr =  7.62E-04,  avg # of iterations =  2.0

     negative rho (up, down):  8.241E-04 8.608E-04

     total energy              =     -41.39065654 Ry
     Harris-Foulkes estimate   =     -41.38990711 Ry
     estimated scf accuracy    <       0.00687175 Ry

     total magnetization       =     1.00 Bohr mag/cell
     absolute magnetization    =     1.07 Bohr mag/cell

     iteration #  5     ecut=    30.00 Ry     beta= 0.50
     Davidson diagonalization with overlap 

---- Real-time Memory Report at c_bands before calling an iterative solver
           396 MiB given to the printing process from OS
             0 MiB allocation reported by mallinfo(arena+hblkhd)
          6799 MiB available memory on the node where the printing process lives
------------------
     ethr =  7.64E-05,  avg # of iterations =  3.0

     negative rho (up, down):  1.565E-05 1.800E-05

     total energy              =     -41.39439593 Ry
     Harris-Foulkes estimate   =     -41.39424528 Ry
     estimated scf accuracy    <       0.00286886 Ry

     total magnetization       =     1.00 Bohr mag/cell
     absolute magnetization    =     1.12 Bohr mag/cell

     iteration #  6     ecut=    30.00 Ry     beta= 0.50
     Davidson diagonalization with overlap 

---- Real-time Memory Report at c_bands before calling an iterative solver
           397 MiB given to the printing process from OS
             0 MiB allocation reported by mallinfo(arena+hblkhd)
          6780 MiB available memory on the node where the printing process lives
------------------
     ethr =  3.19E-05,  avg # of iterations =  1.5

     negative rho (up, down):  5.187E-06 6.179E-06

     total energy              =     -41.39477616 Ry
     Harris-Foulkes estimate   =     -41.39469250 Ry
     estimated scf accuracy    <       0.00046671 Ry

     total magnetization       =     1.00 Bohr mag/cell
     absolute magnetization    =     1.15 Bohr mag/cell

     iteration #  7     ecut=    30.00 Ry     beta= 0.50
     Davidson diagonalization with overlap 

---- Real-time Memory Report at c_bands before calling an iterative solver
           398 MiB given to the printing process from OS
             0 MiB allocation reported by mallinfo(arena+hblkhd)
          6781 MiB available memory on the node where the printing process lives
------------------
     ethr =  5.19E-06,  avg # of iterations =  2.0

     negative rho (up, down):  1.182E-06 1.502E-06

     total energy              =     -41.39495644 Ry
     Harris-Foulkes estimate   =     -41.39492197 Ry
     estimated scf accuracy    <       0.00003353 Ry

     total magnetization       =     1.00 Bohr mag/cell
     absolute magnetization    =     1.17 Bohr mag/cell

     iteration #  8     ecut=    30.00 Ry     beta= 0.50
     Davidson diagonalization with overlap 

---- Real-time Memory Report at c_bands before calling an iterative solver
           399 MiB given to the printing process from OS
             0 MiB allocation reported by mallinfo(arena+hblkhd)
          6774 MiB available memory on the node where the printing process lives
------------------
     ethr =  3.73E-07,  avg # of iterations =  4.0

     total energy              =     -41.39502958 Ry
     Harris-Foulkes estimate   =     -41.39503402 Ry
     estimated scf accuracy    <       0.00001461 Ry

     total magnetization       =     1.00 Bohr mag/cell
     absolute magnetization    =     1.19 Bohr mag/cell

     iteration #  9     ecut=    30.00 Ry     beta= 0.50
     Davidson diagonalization with overlap 

---- Real-time Memory Report at c_bands before calling an iterative solver
           400 MiB given to the printing process from OS
             0 MiB allocation reported by mallinfo(arena+hblkhd)
          6763 MiB available memory on the node where the printing process lives
------------------
     ethr =  1.62E-07,  avg # of iterations =  3.0

     negative rho (up, down):  6.905E-09 1.245E-08

     total energy              =     -41.39503307 Ry
     Harris-Foulkes estimate   =     -41.39503313 Ry
     estimated scf accuracy    <       0.00000123 Ry

     total magnetization       =     1.00 Bohr mag/cell
     absolute magnetization    =     1.19 Bohr mag/cell

     iteration # 10     ecut=    30.00 Ry     beta= 0.50
     Davidson diagonalization with overlap 

---- Real-time Memory Report at c_bands before calling an iterative solver
           401 MiB given to the printing process from OS
             0 MiB allocation reported by mallinfo(arena+hblkhd)
          6753 MiB available memory on the node where the printing process lives
------------------
     ethr =  1.36E-08,  avg # of iterations =  3.0

     total energy              =     -41.39503381 Ry
     Harris-Foulkes estimate   =     -41.39503402 Ry
     estimated scf accuracy    <       0.00000067 Ry

     total magnetization       =     1.00 Bohr mag/cell
     absolute magnetization    =     1.20 Bohr mag/cell

     iteration # 11     ecut=    30.00 Ry     beta= 0.50
     Davidson diagonalization with overlap 

---- Real-time Memory Report at c_bands before calling an iterative solver
           401 MiB given to the printing process from OS
             0 MiB allocation reported by mallinfo(arena+hblkhd)
          6756 MiB available memory on the node where the printing process lives
------------------
     ethr =  7.47E-09,  avg # of iterations =  2.0

     total energy              =     -41.39503388 Ry
     Harris-Foulkes estimate   =     -41.39503389 Ry
     estimated scf accuracy    <       0.00000002 Ry

     total magnetization       =     1.00 Bohr mag/cell
     absolute magnetization    =     1.20 Bohr mag/cell

     iteration # 12     ecut=    30.00 Ry     beta= 0.50
     Davidson diagonalization with overlap 

---- Real-time Memory Report at c_bands before calling an iterative solver
           401 MiB given to the printing process from OS
             0 MiB allocation reported by mallinfo(arena+hblkhd)
          6750 MiB available memory on the node where the printing process lives
------------------
     ethr =  2.39E-10,  avg # of iterations =  3.0

     End of self-consistent calculation

 ------ SPIN UP ------------


          k = 0.0000 0.0000 0.0000 ( 13429 PWs)   bands (ev):

   -44.6464 -28.4021 -25.1462 -25.0169 -25.0065

     occupation numbers 
     1.0000   1.0000   1.0000   1.0000   1.0000

 ------ SPIN DOWN ----------


          k = 0.0000 0.0000 0.0000 ( 13429 PWs)   bands (ev):

   -44.5069 -27.5953 -24.9183 -24.7920 -20.9580

     occupation numbers 
     1.0000   1.0000   1.0000   1.0000   0.0000

     highest occupied, lowest unoccupied level (ev):   -24.7920  -20.9580

!    total energy              =     -41.39503390 Ry
     Harris-Foulkes estimate   =     -41.39503390 Ry
     estimated scf accuracy    <          1.3E-09 Ry

     The total energy is the sum of the following terms:
     one-electron contribution =    -127.38534034 Ry
     hartree contribution      =      59.80985501 Ry
     xc contribution           =      -9.31606316 Ry
     ewald contribution        =      35.49651460 Ry

     total magnetization       =     1.00 Bohr mag/cell
     absolute magnetization    =     1.20 Bohr mag/cell

     convergence has been achieved in  12 iterations
     Computing du/dk (single point)
     k-point:   1    occ=  5
     k-point:   2    occ=  4
     done with du/dk   q_gipaw = 0.010000

     Computing the orbital magnetization (bohr mag/cell):
BC: k-point:    1  pool:   1       -0.000001    0.000007    0.000004
LC: k-point:    1  pool:   1        0.000002    0.000011    0.000007
IC: k-point:    1  pool:   1        0.000014    0.000007    0.000009
BC: k-point:    2  pool:   1        0.000000   -0.000002   -0.000004
LC: k-point:    2  pool:   1        0.000001   -0.000007   -0.000005
IC: k-point:    2  pool:   1        0.004306    0.003382    0.003011

     SPIN-ORBIT:
     lambda_so          =       0.000000      0.000000      1.000000

     Berry curvature    =      -0.000000      0.000000     -0.000001
     Fermi energy       =      -1.830058 rydberg

     NUCLEAR DIPOLE ON ATOM   1:
     m_0                =       0.000000      0.000000      0.000000

     (without Berry curvature term)
     M_LC               =       0.000006      0.000000      0.000003
     M_IC               =      -0.000004     -0.000000     -0.000004
     Delta_M_bare       =      -0.000000      0.000000      0.000014
     Delta_M_para       =      -0.000000     -0.000000     -0.000004
     Delta_M_dia        =       0.000000      0.000000      0.000008
     M_tot              =       0.000002      0.000000      0.000017

     (with Berry curvature term)
     M_LC               =       0.000005      0.000000      0.000002
     M_IC               =      -0.000005      0.000000     -0.000005
     Delta_M            =      -0.000000      0.000000      0.000018
     M_tot              =      -0.000000      0.000000      0.000015

     SPIN-ORBIT:
     lambda_so          =       0.000000      0.000000      1.000000
     unpaired electrons =          1
     Contributions to the g-tensor (ppm):
     delta_g RMC        =      -118.4680
     delta_g RMC(GIPAW) =       -60.0285
     delta_g SO         =        -0.1523        0.0000       15.2342

     delta_g total      =        -0.1523        0.0000     -163.2624

     QE-CONVERSE  :   1m35.30s CPU   1m46.29s WALL


   This run was terminated on:  14:20:38  13Nov2024            

=------------------------------------------------------------------------------=
   JOB DONE.
=------------------------------------------------------------------------------=
     Initialization:

     read_file    :      1.54s CPU      1.90s WALL (       1 calls)
     gipaw_setup  :      0.08s CPU      0.09s WALL (       1 calls)
     wfcinit      :      4.54s CPU      4.65s WALL (       1 calls)
     hinit0       :      0.22s CPU      0.24s WALL (       1 calls)
     potinit      :      1.55s CPU      1.86s WALL (       1 calls)

     SCF calculation:

     electrons    :     76.22s CPU     84.08s WALL (       1 calls)
     h_psi        :     67.07s CPU     73.04s WALL (     153 calls)
     add_so_valen :     40.53s CPU     45.12s WALL (     476 calls)
     add_so_Fnl   :      0.22s CPU      0.27s WALL (     153 calls)

     g-tensor:

     compute_dudk :      2.96s CPU      3.20s WALL (       1 calls)
     orbital_magn :      7.81s CPU      9.81s WALL (       1 calls)
