
     Program QE-CONVERSE v.7.2 starts on 14Nov2024 at 10:47:17 

     This program is part of the open-source Quantum ESPRESSO suite
     for quantum simulation of materials; please cite
         "P. Giannozzi et al., J. Phys.:Condens. Matter 21 395502 (2009);
         "P. Giannozzi et al., J. Phys.:Condens. Matter 29 465901 (2017);
         "P. Giannozzi et al., J. Chem. Phys. 152 154105 (2020);
          URL http://www.quantum-espresso.org", 
     in publications or presentations arising from this work. More details at
     http://www.quantum-espresso.org/quote

     Parallel version (MPI), running on     6 processors

     MPI processes distributed on     1 nodes
     R & G space division:  proc/nbgrp/npool/nimage =       6
     4536 MiB available memory on the printing compute node when the environment starts


     Reading xml data from directory:

     ./scratch/CO+.save/

     IMPORTANT: XC functional enforced from input :
     Exchange-correlation= PBE
                           (   1   4   3   4   0   0   0)
     Any further DFT definition will be discarded
     Please, verify this is what you really want


     Parallelization info
     --------------------
     sticks:   dense  smooth     PW     G-vecs:    dense   smooth      PW
     Min         341     341     85                 7585     7585     947
     Max         342     342     86                 7587     7587     949
     Sum        2049    2049    515                45515    45515    5691

     Using Slab Decomposition

     Reading collected, re-writing distributed wavefunctions
     GIPAW projectors -----------------------------------------------
     atom=  O    l=0  rc=    1.4000  rs=    0.9333
     atom=  O    l=0  rc=    1.4000  rs=    0.9333
     atom=  O    l=1  rc=    1.4000  rs=    0.9333
     atom=  O    l=1  rc=    1.4000  rs=    0.9333
     projs nearly linearly dependent: l=1  n1,n2= 1, 2  s=  0.99858905

     atom=  C    l=0  rc=    1.5400  rs=    1.0267
     atom=  C    l=0  rc=    1.5400  rs=    1.0267
     atom=  C    l=1  rc=    1.5400  rs=    1.0267
     atom=  C    l=1  rc=    1.5400  rs=    1.0267
     projs nearly linearly dependent: l=0  n1,n2= 1, 2  s=  0.99588996
     projs nearly linearly dependent: l=1  n1,n2= 1, 2  s=  0.99890453
     -----------------------------------------------------------------

     GIPAW integrals: -------------------------------------------
     Atom  i/j   nmr_para    nmr_dia     epr_rmc    epr_para     epr_dia
       O   1 1  0.1149E+04  0.2316E+00  0.8411E+01  0.1903E+05  0.5983E+01
       O   2 1  0.1170E+04  0.4805E-01  0.8370E+01  0.1952E+05  0.4733E+01
       O   2 2  0.1189E+04  -.1472E+00  0.7956E+01  0.2002E+05  0.3721E+01
       O   3 3  0.4175E+01  0.1179E+00  0.1114E+01  0.9580E+02  0.2214E+01
       O   4 3  0.4686E+01  0.1552E+00  0.1377E+01  0.1054E+03  0.2733E+01
       O   4 4  0.5248E+01  0.1959E+00  0.1691E+01  0.1160E+03  0.3329E+01
       C   1 1  0.6703E+03  0.3063E+00  0.6451E+01  0.8256E+04  0.4420E+01
       C   2 1  0.7046E+03  0.2837E+00  0.6791E+01  0.8699E+04  0.4425E+01
       C   2 2  0.7405E+03  0.2570E+00  0.7107E+01  0.9166E+04  0.4470E+01
       C   3 3  0.1575E+01  0.6220E-01  0.4343E+00  0.3069E+02  0.8653E+00
       C   4 3  0.1749E+01  0.7880E-01  0.5263E+00  0.3351E+02  0.1047E+01
       C   4 4  0.1939E+01  0.9679E-01  0.6372E+00  0.3657E+02  0.1259E+01
     ------------------------------------------------------------


     R & G space division:  proc/nbgrp/npool/nimage =       6
     Subspace diagonalization in iterative solution of the eigenvalue problem:
     a serial algorithm will be used



     bravais-lattice index     =          -12
     lattice parameter (alat)  =       9.6103  a.u.
     unit-cell volume          =    2050.8269 (a.u.)^3
     number of atoms/cell      =            2
     number of atomic types    =            2
     number of electrons       =         9.00 (up:   5.00, down:   4.00)
     number of Kohn-Sham states=            5
     kinetic-energy cutoff     =      30.0000  Ry
     charge density cutoff     =     120.0000  Ry
     scf convergence threshold =      1.0E-08
     mixing beta               =       0.5000
     number of iterations used =            8  plain     mixing
     Exchange-correlation= PBE
                           (   1   4   3   4   0   0   0)

     celldm(1)=   9.610259  celldm(2)=   2.320682  celldm(3)=   1.073642
     celldm(4)=   0.000000  celldm(5)=  -0.374170  celldm(6)=   0.000000

     crystal axes: (cart. coord. in units of alat)
               a(1) = (   1.000000   0.000000   0.000000 )  
               a(2) = (   0.000000   2.320682   0.000000 )  
               a(3) = (  -0.401725   0.000000   0.995653 )  

     reciprocal axes: (cart. coord. in units 2 pi/alat)
               b(1) = (  1.000000 -0.000000  0.403479 )  
               b(2) = (  0.000000  0.430908 -0.000000 )  
               b(3) = (  0.000000  0.000000  1.004366 )  


     PseudoPot. # 1 for O  read from file:
     ../pseudo/O.pbe-tm-new-gipaw-dc.UPF
     MD5 check sum: cd70c9dcf1f7d755502eb127a1501eea
     Pseudo is Norm-conserving, Zval =  6.0
     Generated by new atomic code, or converted to UPF format
     Using radial grid of 1469 points,  1 beta functions with: 
                l(1) =   0

     PseudoPot. # 2 for C  read from file:
     ../pseudo/C.pbe-tm-new-gipaw.UPF
     MD5 check sum: c9fa938d11269a3b0a4c160d8754c0f1
     Pseudo is Norm-conserving, Zval =  4.0
     Generated by new atomic code, or converted to UPF format
     Using radial grid of 1441 points,  1 beta functions with: 
                l(1) =   0

     atomic species   valence    mass     pseudopotential
        O              6.00    16.00000     O ( 1.00)
        C              4.00    12.00000     C ( 1.00)

     Starting magnetic structure 
     atomic species   magnetization
        O            0.000
        C            0.000

     No symmetry found


                                    s                        frac. trans.

      isym =  1     identity                                     

 cryst.   s( 1) = (     1          0          0      )
                  (     0          1          0      )
                  (     0          0          1      )

 cart.    s( 1) = (  1.0000000  0.0000000  0.0000000 )
                  (  0.0000000  1.0000000  0.0000000 )
                  (  0.0000000  0.0000000  1.0000000 )


     point group C_1 (1)    
     there are  1 classes
     the character table:

       E    
A      1.00

     the symmetry operations in each class and the name of the first element:

     E        1
          identity                                               

   Cartesian axes

     site n.     atom                  positions (alat units)
         1           O   tau(   1) = (   0.0000000   0.0000000  -0.0001677  )
         2           C   tau(   2) = (   0.0000000   0.0000000   0.2219735  )

   Crystallographic axes

     site n.     atom                  positions (cryst. coord.)
         1           O   tau(   1) = ( -0.0000677  0.0000000 -0.0001685  )
         2           C   tau(   2) = (  0.0895616  0.0000000  0.2229427  )

     number of k points=     1
                       cart. coord. in units 2pi/alat
        k(    1) = (   0.0000000   0.0000000   0.0000000), wk =   1.0000000

                       cryst. coord.
        k(    1) = (   0.0000000   0.0000000   0.0000000), wk =   1.0000000

     Dense  grid:    45515 G-vectors     FFT dimensions: (  36,  80,  36)

     Initial potential from superposition of free atoms

     starting charge      10.0000, renormalised to       9.0000

     negative rho (up, down):  1.488E-02 1.488E-02
     Starting wfcs are   16 atomic wfcs

     Self-consistent Calculation

     iteration #  1     ecut=    30.00 Ry     beta= 0.50
     Davidson diagonalization with overlap 

---- Real-time Memory Report at c_bands before calling an iterative solver
            35 MiB given to the printing process from OS
             0 MiB allocation reported by mallinfo(arena+hblkhd)
          4470 MiB available memory on the node where the printing process lives
------------------
     ethr =  1.00E-08,  avg # of iterations =  8.0

     negative rho (up, down):  7.119E-03 7.210E-03

     total energy              =     -41.41662110 Ry
     Harris-Foulkes estimate   =     -41.93448270 Ry
     estimated scf accuracy    <       0.94508001 Ry

     total magnetization       =     1.00 Bohr mag/cell
     absolute magnetization    =     1.00 Bohr mag/cell

     iteration #  2     ecut=    30.00 Ry     beta= 0.50
     Davidson diagonalization with overlap 

---- Real-time Memory Report at c_bands before calling an iterative solver
            39 MiB given to the printing process from OS
             0 MiB allocation reported by mallinfo(arena+hblkhd)
          4453 MiB available memory on the node where the printing process lives
------------------
     ethr =  1.00E-02,  avg # of iterations =  3.0

     negative rho (up, down):  5.210E-03 5.310E-03

     total energy              =     -41.49386572 Ry
     Harris-Foulkes estimate   =     -41.83317444 Ry
     estimated scf accuracy    <       0.92858921 Ry

     total magnetization       =     1.00 Bohr mag/cell
     absolute magnetization    =     1.05 Bohr mag/cell

     iteration #  3     ecut=    30.00 Ry     beta= 0.50
     Davidson diagonalization with overlap 

---- Real-time Memory Report at c_bands before calling an iterative solver
            40 MiB given to the printing process from OS
             0 MiB allocation reported by mallinfo(arena+hblkhd)
          4451 MiB available memory on the node where the printing process lives
------------------
     ethr =  1.00E-02,  avg # of iterations =  2.0

     negative rho (up, down):  1.468E-03 1.537E-03

     total energy              =     -41.68732155 Ry
     Harris-Foulkes estimate   =     -41.69863142 Ry
     estimated scf accuracy    <       0.06977973 Ry

     total magnetization       =     1.00 Bohr mag/cell
     absolute magnetization    =     1.04 Bohr mag/cell

     iteration #  4     ecut=    30.00 Ry     beta= 0.50
     Davidson diagonalization with overlap 

---- Real-time Memory Report at c_bands before calling an iterative solver
            40 MiB given to the printing process from OS
             0 MiB allocation reported by mallinfo(arena+hblkhd)
          4449 MiB available memory on the node where the printing process lives
------------------
     ethr =  7.75E-04,  avg # of iterations =  2.0

     negative rho (up, down):  3.623E-04 3.937E-04

     total energy              =     -41.69816656 Ry
     Harris-Foulkes estimate   =     -41.69672558 Ry
     estimated scf accuracy    <       0.00498427 Ry

     total magnetization       =     1.00 Bohr mag/cell
     absolute magnetization    =     1.08 Bohr mag/cell

     iteration #  5     ecut=    30.00 Ry     beta= 0.50
     Davidson diagonalization with overlap 

---- Real-time Memory Report at c_bands before calling an iterative solver
            41 MiB given to the printing process from OS
             0 MiB allocation reported by mallinfo(arena+hblkhd)
          4446 MiB available memory on the node where the printing process lives
------------------
     ethr =  5.54E-05,  avg # of iterations =  3.5

     negative rho (up, down):  3.877E-07 5.780E-07

     total energy              =     -41.70123691 Ry
     Harris-Foulkes estimate   =     -41.70094527 Ry
     estimated scf accuracy    <       0.00208907 Ry

     total magnetization       =     1.00 Bohr mag/cell
     absolute magnetization    =     1.12 Bohr mag/cell

     iteration #  6     ecut=    30.00 Ry     beta= 0.50
     Davidson diagonalization with overlap 

---- Real-time Memory Report at c_bands before calling an iterative solver
            42 MiB given to the printing process from OS
             0 MiB allocation reported by mallinfo(arena+hblkhd)
          4443 MiB available memory on the node where the printing process lives
------------------
     ethr =  2.32E-05,  avg # of iterations =  2.0

     negative rho (up, down):  3.284E-07 4.801E-07

     total energy              =     -41.70155706 Ry
     Harris-Foulkes estimate   =     -41.70147437 Ry
     estimated scf accuracy    <       0.00030643 Ry

     total magnetization       =     1.00 Bohr mag/cell
     absolute magnetization    =     1.14 Bohr mag/cell

     iteration #  7     ecut=    30.00 Ry     beta= 0.50
     Davidson diagonalization with overlap 

---- Real-time Memory Report at c_bands before calling an iterative solver
            42 MiB given to the printing process from OS
             0 MiB allocation reported by mallinfo(arena+hblkhd)
          4442 MiB available memory on the node where the printing process lives
------------------
     ethr =  3.40E-06,  avg # of iterations =  2.0

     negative rho (up, down):  2.335E-07 4.044E-07

     total energy              =     -41.70170534 Ry
     Harris-Foulkes estimate   =     -41.70168557 Ry
     estimated scf accuracy    <       0.00004572 Ry

     total magnetization       =     1.00 Bohr mag/cell
     absolute magnetization    =     1.16 Bohr mag/cell

     iteration #  8     ecut=    30.00 Ry     beta= 0.50
     Davidson diagonalization with overlap 

---- Real-time Memory Report at c_bands before calling an iterative solver
            42 MiB given to the printing process from OS
             0 MiB allocation reported by mallinfo(arena+hblkhd)
          4437 MiB available memory on the node where the printing process lives
------------------
     ethr =  5.08E-07,  avg # of iterations =  3.0

     total energy              =     -41.70176318 Ry
     Harris-Foulkes estimate   =     -41.70176238 Ry
     estimated scf accuracy    <       0.00000290 Ry

     total magnetization       =     1.00 Bohr mag/cell
     absolute magnetization    =     1.19 Bohr mag/cell

     iteration #  9     ecut=    30.00 Ry     beta= 0.50
     Davidson diagonalization with overlap 

---- Real-time Memory Report at c_bands before calling an iterative solver
            43 MiB given to the printing process from OS
             0 MiB allocation reported by mallinfo(arena+hblkhd)
          4433 MiB available memory on the node where the printing process lives
------------------
     ethr =  3.22E-08,  avg # of iterations =  3.0

     total energy              =     -41.70176516 Ry
     Harris-Foulkes estimate   =     -41.70176463 Ry
     estimated scf accuracy    <       0.00000046 Ry

     total magnetization       =     1.00 Bohr mag/cell
     absolute magnetization    =     1.19 Bohr mag/cell

     iteration # 10     ecut=    30.00 Ry     beta= 0.50
     Davidson diagonalization with overlap 

---- Real-time Memory Report at c_bands before calling an iterative solver
            43 MiB given to the printing process from OS
             0 MiB allocation reported by mallinfo(arena+hblkhd)
          4430 MiB available memory on the node where the printing process lives
------------------
     ethr =  5.06E-09,  avg # of iterations =  3.5

     total energy              =     -41.70176545 Ry
     Harris-Foulkes estimate   =     -41.70176562 Ry
     estimated scf accuracy    <       0.00000060 Ry

     total magnetization       =     1.00 Bohr mag/cell
     absolute magnetization    =     1.19 Bohr mag/cell

     iteration # 11     ecut=    30.00 Ry     beta= 0.50
     Davidson diagonalization with overlap 

---- Real-time Memory Report at c_bands before calling an iterative solver
            43 MiB given to the printing process from OS
             0 MiB allocation reported by mallinfo(arena+hblkhd)
          4429 MiB available memory on the node where the printing process lives
------------------
     ethr =  5.06E-09,  avg # of iterations =  2.0

     End of self-consistent calculation

 ------ SPIN UP ------------


          k = 0.0000 0.0000 0.0000 (  5691 PWs)   bands (ev):

   -36.8021 -20.5734 -17.3290 -17.2283 -17.1513

     occupation numbers 
     1.0000   1.0000   1.0000   1.0000   1.0000

 ------ SPIN DOWN ----------


          k = 0.0000 0.0000 0.0000 (  5691 PWs)   bands (ev):

   -36.6595 -19.7583 -17.1008 -17.0028 -13.1252

     occupation numbers 
     1.0000   1.0000   1.0000   1.0000   0.0000

     highest occupied, lowest unoccupied level (ev):   -17.0028  -13.1252

!    total energy              =     -41.70176560 Ry
     Harris-Foulkes estimate   =     -41.70176560 Ry
     estimated scf accuracy    <          9.9E-09 Ry

     The total energy is the sum of the following terms:
     one-electron contribution =     -77.32166839 Ry
     hartree contribution      =      37.36357281 Ry
     xc contribution           =      -9.31237155 Ry
     ewald contribution        =       7.56870153 Ry

     total magnetization       =     1.00 Bohr mag/cell
     absolute magnetization    =     1.19 Bohr mag/cell

     convergence has been achieved in  11 iterations
     Computing du/dk (single point)
     k-point:   1    occ=  5
     k-point:   2    occ=  4
     done with du/dk   q_gipaw = 0.010000

     Computing the orbital magnetization (bohr mag/cell):
BC: k-point:    1  pool:   1       -0.000000   -0.000002   -0.000000
LC: k-point:    1  pool:   1        0.000000   -0.001495    0.000000
IC: k-point:    1  pool:   1       -0.000000    0.006964    0.000000
BC: k-point:    2  pool:   1        0.000000   -0.000045   -0.000000
LC: k-point:    2  pool:   1       -0.000000    0.000537   -0.000000
IC: k-point:    2  pool:   1        0.000000   -0.000000   -0.000000

     SPIN-ORBIT:
     lambda_so          =       0.000000      1.000000      0.000000

     Berry curvature    =      -0.000000     -0.000047     -0.000000
     Fermi energy       =      -1.255141 rydberg

     NUCLEAR DIPOLE ON ATOM   1:
     m_0                =       0.000000      0.000000      0.000000

     (without Berry curvature term)
     M_LC               =       0.000000     -0.001917     -0.000000
     M_IC               =      -0.000000     -0.000273      0.000000
     Delta_M_bare       =      -0.000000     -0.000191      0.000000
     Delta_M_para       =      -0.000000     -0.000005      0.000000
     Delta_M_dia        =       0.000000      0.000008      0.000000
     M_tot              =      -0.000000     -0.002376      0.000000

     (with Berry curvature term)
     M_LC               =       0.000000     -0.001975     -0.000000
     M_IC               =      -0.000000     -0.000331     -0.000000
     Delta_M            =      -0.000000     -0.000187      0.000000
     M_tot              =      -0.000000     -0.002494      0.000000

     SPIN-ORBIT:
     lambda_so          =       0.000000      1.000000      0.000000
     unpaired electrons =          1
     Contributions to the g-tensor (ppm):
     delta_g RMC        =      -118.7744
     delta_g RMC(GIPAW) =       -59.5812
     delta_g SO         =        -0.0000    -2493.6886        0.0000

     delta_g total      =        -0.0000    -2672.0441        0.0000

     QE-CONVERSE  :      1.32s CPU      1.40s WALL


   This run was terminated on:  10:47:18  14Nov2024            

=------------------------------------------------------------------------------=
   JOB DONE.
=------------------------------------------------------------------------------=
     Initialization:

     read_file    :      0.23s CPU      0.24s WALL (       1 calls)
     gipaw_setup  :      0.02s CPU      0.02s WALL (       1 calls)
     wfcinit      :      0.03s CPU      0.03s WALL (       1 calls)
     hinit0       :      0.09s CPU      0.10s WALL (       1 calls)
     potinit      :      0.18s CPU      0.18s WALL (       1 calls)

     SCF calculation:

     electrons    :      0.64s CPU      0.68s WALL (       1 calls)
     h_psi        :      0.47s CPU      0.50s WALL (     146 calls)
     add_so_valen :      0.23s CPU      0.24s WALL (     454 calls)
     add_so_Fnl   :      0.09s CPU      0.10s WALL (     146 calls)

     g-tensor:

     compute_dudk :      0.04s CPU      0.04s WALL (       1 calls)
     orbital_magn :      0.08s CPU      0.09s WALL (       1 calls)
